<?xml version="1.0" encoding="UTF-8"?>
<!-- Generated by org.testng.reporters.JUnitXMLReporter -->
<testsuite ignored="3" hostname="DESKTOP-8CID97K" failures="0" tests="3" name="Test" time="9.039" errors="0" timestamp="2022-04-21T08:51:14 IST">
  <testcase classname="testNG.GroupTest" name="gmail" time="4.226"/>
  <testcase classname="testNG.GroupTest" name="google" time="1.35"/>
  <testcase classname="testNG.GroupTest" name="googleLangs" time="0.784"/>
  <testcase classname="testNG.GroupTest" name="fb" time="0.0">
    <ignored/>
  </testcase> <!-- fb -->
  <testcase classname="testNG.GroupTest" name="twitter" time="0.0">
    <ignored/>
  </testcase> <!-- twitter -->
  <testcase classname="testNG.GroupTest" name="quora" time="0.0">
    <ignored/>
  </testcase> <!-- quora -->
</testsuite> <!-- Test -->
