<?xml version="1.0" encoding="UTF-8"?>
<testng-results ignored="0" total="1" passed="1" failed="0" skipped="0">
  <reporter-output>
  </reporter-output>
  <suite started-at="2022-05-11T09:22:34 IST" name="Default suite" finished-at="2022-05-11T09:22:49 IST" duration-ms="14394">
    <groups>
    </groups>
    <test started-at="2022-05-11T09:22:34 IST" name="Default test" finished-at="2022-05-11T09:22:49 IST" duration-ms="14394">
      <class name="screenshot.SelectedLocator">
        <test-method is-config="true" signature="beforeTest()[pri:0, instance:screenshot.SelectedLocator@6221a451]" started-at="2022-05-11T09:22:34 IST" name="beforeTest" finished-at="2022-05-11T09:22:37 IST" duration-ms="3238" status="PASS">
          <reporter-output>
          </reporter-output>
        </test-method> <!-- beforeTest -->
        <test-method signature="TakeScreenShot()[pri:0, instance:screenshot.SelectedLocator@6221a451]" started-at="2022-05-11T09:22:38 IST" name="TakeScreenShot" finished-at="2022-05-11T09:22:49 IST" duration-ms="11084" status="PASS">
          <reporter-output>
          </reporter-output>
        </test-method> <!-- TakeScreenShot -->
      </class> <!-- screenshot.SelectedLocator -->
    </test> <!-- Default test -->
  </suite> <!-- Default suite -->
</testng-results>
